<?xml version="1.0" encoding="UTF-8"?>
<!-- Generated by org.testng.reporters.JUnitXMLReporter -->
<testsuite ignored="9" hostname="DESKTOP-RQ8FSHG" failures="0" tests="3" name="RegressionTest Firefox" time="0.022" errors="0" timestamp="2023-04-30T10:30:51 EDT">
  <testcase classname="test.LoginTest_Amazon" name="validEmailInValidPassword" time="0.0">
    <skipped/>
  </testcase> <!-- validEmailInValidPassword -->
  <testcase classname="test.LoginTest_Amazon" name="validateSponsoredProduct" time="0.0">
    <skipped/>
  </testcase> <!-- validateSponsoredProduct -->
  <testcase classname="test.LoginTest_Amazon" name="validateAddToCart" time="0.0">
    <skipped/>
  </testcase> <!-- validateAddToCart -->
  <testcase classname="test.LoginTest_Amazon" name="validateNavigateToWishList" time="0.0">
    <ignored/>
  </testcase> <!-- validateNavigateToWishList -->
  <testcase classname="test.LoginTest_Amazon" name="validateselectDeliveryLocation" time="0.0">
    <ignored/>
  </testcase> <!-- validateselectDeliveryLocation -->
  <testcase classname="test.LoginTest_Amazon" name="validateProductSearch" time="0.0">
    <ignored/>
  </testcase> <!-- validateProductSearch -->
  <testcase classname="test.LoginTest_Amazon" name="validatecustomerLogout" time="0.0">
    <ignored/>
  </testcase> <!-- validatecustomerLogout -->
  <testcase classname="test.LoginTest_Amazon" name="validateSelectProduct" time="0.0">
    <ignored/>
  </testcase> <!-- validateSelectProduct -->
  <testcase classname="test.LoginTest_Amazon" name="inValidEmail" time="0.0">
    <ignored/>
  </testcase> <!-- inValidEmail -->
  <testcase classname="test.LoginTest_Amazon" name="validateNavigateToNewRelease" time="0.0">
    <ignored/>
  </testcase> <!-- validateNavigateToNewRelease -->
  <testcase classname="test.LoginTest_Amazon" name="validateCheckout" time="0.0">
    <ignored/>
  </testcase> <!-- validateCheckout -->
  <testcase classname="test.LoginTest_Amazon" name="validateCustomerLogin" time="0.0">
    <ignored/>
  </testcase> <!-- validateCustomerLogin -->
</testsuite> <!-- RegressionTest Firefox -->
