<?xml version="1.0" encoding="UTF-8"?>
<!-- Generated by org.testng.reporters.JUnitXMLReporter -->
<testsuite ignored="1" hostname="DESKTOP-RQ8FSHG" failures="1" tests="14" name="RegressionTest Chrome" time="41.442" errors="0" timestamp="2023-04-30T15:00:14 EDT">
  <testcase classname="test.LandingValidation_Amazon" name="ValidateTitle" time="0.071"/>
  <testcase classname="test.LandingValidation_Amazon" name="ValidateUrl" time="0.018"/>
  <testcase classname="test.LoginTest_Amazon" name="validateNavigateToWishList" time="2.111"/>
  <testcase classname="test.LoginTest_Amazon" name="validateNavigateToNewRelease" time="2.03"/>
  <testcase classname="test.LoginTest_Amazon" name="validateCustomerLogin" time="2.068"/>
  <testcase classname="test.LoginTest_Amazon" name="validatecustomerLogout" time="2.715"/>
  <testcase classname="test.LoginTest_Amazon" name="inValidEmail" time="0.474"/>
  <testcase classname="test.LoginTest_Amazon" name="validEmailInValidPassword" time="0.767"/>
  <testcase classname="test.LoginTest_Amazon" name="validateProductSearch" time="7.391"/>
  <testcase classname="test.LoginTest_Amazon" name="validateSelectProduct" time="4.645"/>
  <testcase classname="test.LoginTest_Amazon" name="validateselectDeliveryLocation" time="5.283">
    <failure type="java.lang.AssertionError" message="Entered postal code is not as expected expected [true] but found [false]">
      <![CDATA[java.lang.AssertionError: Entered postal code is not as expected expected [true] but found [false]
at test.LoginTest_Amazon.validateselectDeliveryLocation(LoginTest_Amazon.java:131)
at java.base/java.util.ArrayList.forEach(ArrayList.java:1511)
... Removed 28 stack frames]]>
    </failure>
  </testcase> <!-- validateselectDeliveryLocation -->
  <testcase classname="test.LoginTest_Amazon" name="validateSponsoredProduct" time="3.01"/>
  <testcase classname="test.LoginTest_Amazon" name="validateAddToCart" time="1.826"/>
  <testcase classname="test.LoginTest_Amazon" name="validateCheckout" time="1.034"/>
  <testcase classname="test.Base" name="@AfterSuite afterSuite" time="0.0">
    <ignored/>
  </testcase> <!-- @AfterSuite afterSuite -->
</testsuite> <!-- RegressionTest Chrome -->
